<?xml version="1.0" encoding="UTF-8"?>
<!-- Generated by org.testng.reporters.JUnitReportReporter -->
<testsuite hostname="NG6189" failures="0" tests="1" name="X_T_001_TRANSFORMER.X_T_001_TRANSFORMER.Base64Encoding" time="0.008" errors="0" timestamp="2022-10-13T14:18:19 IST" skipped="0">
  <testcase classname="X_T_001_TRANSFORMER.X_T_001_TRANSFORMER.Base64Encoding" name="T001_StatusCodes" time="0.008"/>
  <system-out/>
</testsuite> <!-- X_T_001_TRANSFORMER.X_T_001_TRANSFORMER.Base64Encoding -->
