<?xml version="1.0" encoding="UTF-8"?>
<!-- Generated by org.testng.reporters.JUnitReportReporter -->
<testsuite hostname="NG6189" failures="0" tests="1" name="excelopAccuracyFactory.GenerateAccuracy" time="110.618" errors="0" timestamp="2022-11-25T13:22:42 IST" skipped="0">
  <testcase classname="excelopAccuracyFactory.GenerateAccuracy" name="processingPOSTMark" time="110.618"/>
  <system-out/>
</testsuite> <!-- excelopAccuracyFactory.GenerateAccuracy -->
