<?xml version="1.0" encoding="UTF-8"?>
<!-- Generated by org.testng.reporters.JUnitReportReporter -->
<testsuite hostname="NG6189" failures="0" tests="1" name="excelopAccuracyFactory.ScatteredPlot" time="1.345" errors="0" timestamp="2022-11-20T23:01:19 IST" skipped="0">
  <testcase classname="excelopAccuracyFactory.ScatteredPlot" name="mainFnScatter" time="1.345"/>
  <system-out/>
</testsuite> <!-- excelopAccuracyFactory.ScatteredPlot -->
