<?xml version="1.0" encoding="UTF-8"?>
<!-- Generated by org.testng.reporters.JUnitReportReporter -->
<testsuite hostname="NG6189" failures="0" tests="1" name="jsonParser.ParseResponse" time="3.418" errors="0" timestamp="2022-10-28T17:00:26 IST" skipped="0">
  <testcase classname="jsonParser.ParseResponse" name="parseValidator" time="3.418"/>
  <system-out/>
</testsuite> <!-- jsonParser.ParseResponse -->
