<?xml version="1.0" encoding="UTF-8"?>
<!-- Generated by org.testng.reporters.JUnitReportReporter -->
<testsuite hostname="NG6189" failures="0" tests="4" name="TransposeExcel.FilterAndTranspose" time="2.951" errors="0" timestamp="2022-12-09T14:27:55 IST" skipped="0">
  <testcase classname="TransposeExcel.FilterAndTranspose" name="rearrange_images" time="1.243"/>
  <system-out/>
  <testcase classname="TransposeExcel.FilterAndTranspose" name="write_image_names" time="0.119"/>
  <system-out/>
  <testcase classname="TransposeExcel.FilterAndTranspose" name="create_header" time="0.031"/>
  <system-out/>
  <testcase classname="TransposeExcel.FilterAndTranspose" name="process_image_details" time="1.558"/>
  <system-out/>
</testsuite> <!-- TransposeExcel.FilterAndTranspose -->
