<?xml version="1.0" encoding="UTF-8"?>
<!-- Generated by org.testng.reporters.JUnitReportReporter -->
<testsuite hostname="NG6189" failures="0" tests="1" name="excelop.OperationsXL" time="2.277" errors="0" timestamp="2022-11-12T20:05:30 IST" skipped="0">
  <testcase classname="excelop.OperationsXL" name="writeMaster" time="2.277"/>
  <system-out/>
</testsuite> <!-- excelop.OperationsXL -->
