<?xml version="1.0" encoding="UTF-8"?>
<!-- Generated by org.testng.reporters.JUnitReportReporter -->
<testsuite hostname="NG6189" failures="0" tests="1" name="jsonParser.ParseResponse_OFFLINE" time="0.050" errors="0" timestamp="2022-10-28T21:40:36 IST" skipped="0">
  <testcase classname="jsonParser.ParseResponse_OFFLINE" name="invoke_OFFLINE_AUTO" time="0.050"/>
  <system-out/>
</testsuite> <!-- jsonParser.ParseResponse_OFFLINE -->
